# Logfile created on 2014-01-27 21:18:45 +0100 by logger.rb/41954
I, [2014-01-27T21:18:45.288869 #31098]  INFO -- : 0:  rake (10.1.0) from /Users/ignacykasperowicz/.rvm/gems/ruby-2.0.0-p353/specifications/rake-10.1.0.gemspec
I, [2014-01-27T21:18:47.164516 #31098]  INFO -- : 0:  i18n (0.6.9) from /Users/ignacykasperowicz/.rvm/gems/ruby-2.0.0-p353/specifications/i18n-0.6.9.gemspec
I, [2014-01-27T21:18:48.971664 #31098]  INFO -- : 0:  minitest (4.7.5) from /Users/ignacykasperowicz/.rvm/gems/ruby-2.0.0-p353/specifications/minitest-4.7.5.gemspec
I, [2014-01-27T21:18:50.606773 #31098]  INFO -- : 0:  multi_json (1.8.2) from /Users/ignacykasperowicz/.rvm/gems/ruby-2.0.0-p353/specifications/multi_json-1.8.2.gemspec
I, [2014-01-27T21:18:52.600093 #31098]  INFO -- : 0:  atomic (1.1.14) from /Users/ignacykasperowicz/.rvm/gems/ruby-2.0.0-p353/specifications/atomic-1.1.14.gemspec
I, [2014-01-27T21:18:54.733520 #31098]  INFO -- : 0:  thread_safe (0.1.3) from /Users/ignacykasperowicz/.rvm/gems/ruby-2.0.0-p353/specifications/thread_safe-0.1.3.gemspec
I, [2014-01-27T21:19:03.065082 #31098]  INFO -- : 0:  tzinfo (0.3.38) from /Users/ignacykasperowicz/.rvm/gems/ruby-2.0.0-p353/specifications/tzinfo-0.3.38.gemspec
I, [2014-01-27T21:19:09.812873 #31098]  INFO -- : 0:  activesupport (4.0.2) from /Users/ignacykasperowicz/.rvm/gems/ruby-2.0.0-p353/specifications/activesupport-4.0.2.gemspec
I, [2014-01-27T21:19:11.655299 #31098]  INFO -- : 0:  builder (3.2.2) from /Users/ignacykasperowicz/.rvm/gems/ruby-2.0.0-p353/specifications/builder-3.2.2.gemspec
I, [2014-01-27T21:21:07.387937 #31098]  INFO -- : 0:  closure-compiler (1.1.10) from /Users/ignacykasperowicz/.rvm/gems/ruby-2.0.0-p353/specifications/closure-compiler-1.1.10.gemspec
I, [2014-01-27T21:21:09.629815 #31098]  INFO -- : 0:  coffee-script-source (1.6.3) from /Users/ignacykasperowicz/.rvm/gems/ruby-2.0.0-p353/specifications/coffee-script-source-1.6.3.gemspec
I, [2014-01-27T21:21:11.989520 #31098]  INFO -- : 0:  execjs (2.0.2) from /Users/ignacykasperowicz/.rvm/gems/ruby-2.0.0-p353/specifications/execjs-2.0.2.gemspec
I, [2014-01-27T21:21:13.502579 #31098]  INFO -- : 0:  coffee-script (2.2.0) from /Users/ignacykasperowicz/.rvm/gems/ruby-2.0.0-p353/specifications/coffee-script-2.2.0.gemspec
I, [2014-01-27T21:21:14.932280 #31098]  INFO -- : 0:  columnize (0.3.6) from /Users/ignacykasperowicz/.rvm/gems/ruby-2.0.0-p353/specifications/columnize-0.3.6.gemspec
I, [2014-01-27T21:21:17.842807 #31098]  INFO -- : 0:  daemons (1.1.9) from /Users/ignacykasperowicz/.rvm/gems/ruby-2.0.0-p353/specifications/daemons-1.1.9.gemspec
I, [2014-01-27T21:21:19.847937 #31098]  INFO -- : 0:  dalli (2.6.4) from /Users/ignacykasperowicz/.rvm/gems/ruby-2.0.0-p353/specifications/dalli-2.6.4.gemspec
I, [2014-01-27T21:21:21.338629 #31098]  INFO -- : 0:  debugger-linecache (1.2.0) from /Users/ignacykasperowicz/.rvm/gems/ruby-2.0.0-p353/specifications/debugger-linecache-1.2.0.gemspec
I, [2014-01-27T21:21:48.694419 #31098]  INFO -- : 0:  debugger-ruby_core_source (1.2.4) from /Users/ignacykasperowicz/.rvm/gems/ruby-2.0.0-p353/specifications/debugger-ruby_core_source-1.2.4.gemspec
I, [2014-01-27T21:21:59.970132 #31098]  INFO -- : 0:  debugger (1.6.3) from /Users/ignacykasperowicz/.rvm/gems/ruby-2.0.0-p353/specifications/debugger-1.6.3.gemspec
I, [2014-01-27T21:22:03.176540 #31098]  INFO -- : 0:  eco-source (1.1.0.rc.1) from /Users/ignacykasperowicz/.rvm/gems/ruby-2.0.0-p353/specifications/eco-source-1.1.0.rc.1.gemspec
I, [2014-01-27T21:22:04.747331 #31098]  INFO -- : 0:  eco (1.0.0) from /Users/ignacykasperowicz/.rvm/gems/ruby-2.0.0-p353/specifications/eco-1.0.0.gemspec
I, [2014-01-27T21:22:08.977027 #31098]  INFO -- : 0:  erubis (2.7.0) from /Users/ignacykasperowicz/.rvm/gems/ruby-2.0.0-p353/specifications/erubis-2.7.0.gemspec
I, [2014-01-27T21:22:19.421906 #31098]  INFO -- : 0:  eventmachine (1.0.3) from /Users/ignacykasperowicz/.rvm/gems/ruby-2.0.0-p353/specifications/eventmachine-1.0.3.gemspec
I, [2014-01-27T21:22:22.437880 #31098]  INFO -- : 0:  hike (1.2.3) from /Users/ignacykasperowicz/.rvm/gems/ruby-2.0.0-p353/specifications/hike-1.2.3.gemspec
I, [2014-01-27T21:22:22.438539 #31098]  INFO -- : 0:  json (1.7.7) from /Users/ignacykasperowicz/.rvm/rubies/ruby-2.0.0-p353/lib/ruby/gems/2.0.0/specifications/default/json-1.7.7.gemspec
I, [2014-01-27T21:22:28.895815 #31098]  INFO -- : 0:  kgio (2.8.1) from /Users/ignacykasperowicz/.rvm/gems/ruby-2.0.0-p353/specifications/kgio-2.8.1.gemspec
I, [2014-01-27T21:22:30.358694 #31098]  INFO -- : 0:  memcachier (0.0.2) from /Users/ignacykasperowicz/.rvm/gems/ruby-2.0.0-p353/specifications/memcachier-0.0.2.gemspec
I, [2014-01-27T21:22:33.385891 #31098]  INFO -- : 0:  rack (1.5.2) from /Users/ignacykasperowicz/.rvm/gems/ruby-2.0.0-p353/specifications/rack-1.5.2.gemspec
I, [2014-01-27T21:22:35.129822 #31098]  INFO -- : 0:  rack-protection (1.5.1) from /Users/ignacykasperowicz/.rvm/gems/ruby-2.0.0-p353/specifications/rack-protection-1.5.1.gemspec
I, [2014-01-27T21:22:36.804368 #31098]  INFO -- : 0:  rack-ssl (1.3.3) from /Users/ignacykasperowicz/.rvm/gems/ruby-2.0.0-p353/specifications/rack-ssl-1.3.3.gemspec
I, [2014-01-27T21:22:38.350990 #31098]  INFO -- : 0:  rack-test (0.6.2) from /Users/ignacykasperowicz/.rvm/gems/ruby-2.0.0-p353/specifications/rack-test-0.6.2.gemspec
I, [2014-01-27T21:22:41.714569 #31098]  INFO -- : 0:  raindrops (0.12.0) from /Users/ignacykasperowicz/.rvm/gems/ruby-2.0.0-p353/specifications/raindrops-0.12.0.gemspec
I, [2014-01-27T21:22:44.902874 #31098]  INFO -- : 0:  redcarpet (2.3.0) from /Users/ignacykasperowicz/.rvm/gems/ruby-2.0.0-p353/specifications/redcarpet-2.3.0.gemspec
I, [2014-01-27T21:22:47.435101 #31098]  INFO -- : 0:  tilt (1.4.1) from /Users/ignacykasperowicz/.rvm/gems/ruby-2.0.0-p353/specifications/tilt-1.4.1.gemspec
I, [2014-01-27T21:22:59.075890 #31098]  INFO -- : 0:  sinatra (1.4.4) from /Users/ignacykasperowicz/.rvm/gems/ruby-2.0.0-p353/specifications/sinatra-1.4.4.gemspec
I, [2014-01-27T21:22:59.179850 #31098]  INFO -- : 0:  sinatra-contrib (1.4.1) from /Users/ignacykasperowicz/.rvm/gems/ruby-2.0.0-p353/bundler/gems/sinatra-contrib-c34fc5fc494d/sinatra-contrib.gemspec
I, [2014-01-27T21:23:00.873514 #31098]  INFO -- : 0:  sprockets (2.10.1) from /Users/ignacykasperowicz/.rvm/gems/ruby-2.0.0-p353/specifications/sprockets-2.10.1.gemspec
I, [2014-01-27T21:23:10.379377 #31098]  INFO -- : 0:  stylus-source (0.31.0) from /Users/ignacykasperowicz/.rvm/gems/ruby-2.0.0-p353/specifications/stylus-source-0.31.0.gemspec
I, [2014-01-27T21:23:12.146030 #31098]  INFO -- : 0:  stylus (1.0.0) from /Users/ignacykasperowicz/.rvm/gems/ruby-2.0.0-p353/specifications/stylus-1.0.0.gemspec
I, [2014-01-27T21:23:16.642758 #31098]  INFO -- : 0:  thin (1.6.1) from /Users/ignacykasperowicz/.rvm/gems/ruby-2.0.0-p353/specifications/thin-1.6.1.gemspec
I, [2014-01-27T21:23:18.740223 #31098]  INFO -- : 0:  uglifier (2.2.1) from /Users/ignacykasperowicz/.rvm/gems/ruby-2.0.0-p353/specifications/uglifier-2.2.1.gemspec
I, [2014-01-27T21:23:27.709839 #31098]  INFO -- : 0:  unicorn (4.7.0) from /Users/ignacykasperowicz/.rvm/gems/ruby-2.0.0-p353/specifications/unicorn-4.7.0.gemspec
I, [2014-01-27T21:23:41.293556 #31098]  INFO -- : 0:  yui-compressor (0.12.0) from /Users/ignacykasperowicz/.rvm/gems/ruby-2.0.0-p353/specifications/yui-compressor-0.12.0.gemspec
I, [2014-01-27T21:23:41.294039 #31098]  INFO -- : 0:  bundler (1.5.1) from /Users/ignacykasperowicz/.rvm/gems/ruby-2.0.0-p353@global/specifications/bundler-1.5.1.gemspec
I, [2014-01-27T21:57:06.117904 #35211]  INFO -- : 0:  rake (10.1.0) from /Users/ignacykasperowicz/.rvm/gems/ruby-2.0.0-p353/specifications/rake-10.1.0.gemspec
I, [2014-01-27T21:57:06.121571 #35211]  INFO -- : 0:  i18n (0.6.9) from /Users/ignacykasperowicz/.rvm/gems/ruby-2.0.0-p353/specifications/i18n-0.6.9.gemspec
I, [2014-01-27T21:57:06.121877 #35211]  INFO -- : 0:  minitest (4.7.5) from /Users/ignacykasperowicz/.rvm/gems/ruby-2.0.0-p353/specifications/minitest-4.7.5.gemspec
I, [2014-01-27T21:57:06.122147 #35211]  INFO -- : 0:  multi_json (1.8.2) from /Users/ignacykasperowicz/.rvm/gems/ruby-2.0.0-p353/specifications/multi_json-1.8.2.gemspec
I, [2014-01-27T21:57:06.122396 #35211]  INFO -- : 0:  atomic (1.1.14) from /Users/ignacykasperowicz/.rvm/gems/ruby-2.0.0-p353/specifications/atomic-1.1.14.gemspec
I, [2014-01-27T21:57:06.122655 #35211]  INFO -- : 0:  thread_safe (0.1.3) from /Users/ignacykasperowicz/.rvm/gems/ruby-2.0.0-p353/specifications/thread_safe-0.1.3.gemspec
I, [2014-01-27T21:57:06.122907 #35211]  INFO -- : 0:  tzinfo (0.3.38) from /Users/ignacykasperowicz/.rvm/gems/ruby-2.0.0-p353/specifications/tzinfo-0.3.38.gemspec
I, [2014-01-27T21:57:06.123247 #35211]  INFO -- : 0:  activesupport (4.0.2) from /Users/ignacykasperowicz/.rvm/gems/ruby-2.0.0-p353/specifications/activesupport-4.0.2.gemspec
I, [2014-01-27T21:57:06.123586 #35211]  INFO -- : 0:  builder (3.2.2) from /Users/ignacykasperowicz/.rvm/gems/ruby-2.0.0-p353/specifications/builder-3.2.2.gemspec
I, [2014-01-27T21:57:06.123892 #35211]  INFO -- : 0:  closure-compiler (1.1.10) from /Users/ignacykasperowicz/.rvm/gems/ruby-2.0.0-p353/specifications/closure-compiler-1.1.10.gemspec
I, [2014-01-27T21:57:06.124183 #35211]  INFO -- : 0:  coffee-script-source (1.6.3) from /Users/ignacykasperowicz/.rvm/gems/ruby-2.0.0-p353/specifications/coffee-script-source-1.6.3.gemspec
I, [2014-01-27T21:57:06.124491 #35211]  INFO -- : 0:  execjs (2.0.2) from /Users/ignacykasperowicz/.rvm/gems/ruby-2.0.0-p353/specifications/execjs-2.0.2.gemspec
I, [2014-01-27T21:57:06.124785 #35211]  INFO -- : 0:  coffee-script (2.2.0) from /Users/ignacykasperowicz/.rvm/gems/ruby-2.0.0-p353/specifications/coffee-script-2.2.0.gemspec
I, [2014-01-27T21:57:06.125082 #35211]  INFO -- : 0:  columnize (0.3.6) from /Users/ignacykasperowicz/.rvm/gems/ruby-2.0.0-p353/specifications/columnize-0.3.6.gemspec
I, [2014-01-27T21:57:06.125376 #35211]  INFO -- : 0:  daemons (1.1.9) from /Users/ignacykasperowicz/.rvm/gems/ruby-2.0.0-p353/specifications/daemons-1.1.9.gemspec
I, [2014-01-27T21:57:06.125669 #35211]  INFO -- : 0:  dalli (2.6.4) from /Users/ignacykasperowicz/.rvm/gems/ruby-2.0.0-p353/specifications/dalli-2.6.4.gemspec
I, [2014-01-27T21:57:06.125966 #35211]  INFO -- : 0:  debugger-linecache (1.2.0) from /Users/ignacykasperowicz/.rvm/gems/ruby-2.0.0-p353/specifications/debugger-linecache-1.2.0.gemspec
I, [2014-01-27T21:57:06.126272 #35211]  INFO -- : 0:  debugger-ruby_core_source (1.2.4) from /Users/ignacykasperowicz/.rvm/gems/ruby-2.0.0-p353/specifications/debugger-ruby_core_source-1.2.4.gemspec
I, [2014-01-27T21:57:06.126560 #35211]  INFO -- : 0:  debugger (1.6.3) from /Users/ignacykasperowicz/.rvm/gems/ruby-2.0.0-p353/specifications/debugger-1.6.3.gemspec
I, [2014-01-27T21:57:06.126821 #35211]  INFO -- : 0:  eco-source (1.1.0.rc.1) from /Users/ignacykasperowicz/.rvm/gems/ruby-2.0.0-p353/specifications/eco-source-1.1.0.rc.1.gemspec
I, [2014-01-27T21:57:06.127128 #35211]  INFO -- : 0:  eco (1.0.0) from /Users/ignacykasperowicz/.rvm/gems/ruby-2.0.0-p353/specifications/eco-1.0.0.gemspec
I, [2014-01-27T21:57:06.127435 #35211]  INFO -- : 0:  erubis (2.7.0) from /Users/ignacykasperowicz/.rvm/gems/ruby-2.0.0-p353/specifications/erubis-2.7.0.gemspec
I, [2014-01-27T21:57:06.127722 #35211]  INFO -- : 0:  eventmachine (1.0.3) from /Users/ignacykasperowicz/.rvm/gems/ruby-2.0.0-p353/specifications/eventmachine-1.0.3.gemspec
I, [2014-01-27T21:57:06.128008 #35211]  INFO -- : 0:  hike (1.2.3) from /Users/ignacykasperowicz/.rvm/gems/ruby-2.0.0-p353/specifications/hike-1.2.3.gemspec
I, [2014-01-27T21:57:06.128281 #35211]  INFO -- : 0:  json (1.7.7) from /Users/ignacykasperowicz/.rvm/rubies/ruby-2.0.0-p353/lib/ruby/gems/2.0.0/specifications/default/json-1.7.7.gemspec
I, [2014-01-27T21:57:06.128544 #35211]  INFO -- : 0:  memcachier (0.0.2) from /Users/ignacykasperowicz/.rvm/gems/ruby-2.0.0-p353/specifications/memcachier-0.0.2.gemspec
I, [2014-01-27T21:57:08.446350 #35211]  INFO -- : 0:  open4 (1.3.0) from /Users/ignacykasperowicz/.rvm/gems/ruby-2.0.0-p353/specifications/open4-1.3.0.gemspec
I, [2014-01-27T21:57:10.330493 #35211]  INFO -- : 0:  mina (0.3.0) from /Users/ignacykasperowicz/.rvm/gems/ruby-2.0.0-p353/specifications/mina-0.3.0.gemspec
I, [2014-01-27T21:57:10.330883 #35211]  INFO -- : 0:  rack (1.5.2) from /Users/ignacykasperowicz/.rvm/gems/ruby-2.0.0-p353/specifications/rack-1.5.2.gemspec
I, [2014-01-27T21:57:10.331170 #35211]  INFO -- : 0:  rack-protection (1.5.1) from /Users/ignacykasperowicz/.rvm/gems/ruby-2.0.0-p353/specifications/rack-protection-1.5.1.gemspec
I, [2014-01-27T21:57:10.331428 #35211]  INFO -- : 0:  rack-ssl (1.3.3) from /Users/ignacykasperowicz/.rvm/gems/ruby-2.0.0-p353/specifications/rack-ssl-1.3.3.gemspec
I, [2014-01-27T21:57:10.331689 #35211]  INFO -- : 0:  rack-test (0.6.2) from /Users/ignacykasperowicz/.rvm/gems/ruby-2.0.0-p353/specifications/rack-test-0.6.2.gemspec
I, [2014-01-27T21:57:10.331928 #35211]  INFO -- : 0:  redcarpet (2.3.0) from /Users/ignacykasperowicz/.rvm/gems/ruby-2.0.0-p353/specifications/redcarpet-2.3.0.gemspec
I, [2014-01-27T21:57:10.332168 #35211]  INFO -- : 0:  tilt (1.4.1) from /Users/ignacykasperowicz/.rvm/gems/ruby-2.0.0-p353/specifications/tilt-1.4.1.gemspec
I, [2014-01-27T21:57:10.332401 #35211]  INFO -- : 0:  sinatra (1.4.4) from /Users/ignacykasperowicz/.rvm/gems/ruby-2.0.0-p353/specifications/sinatra-1.4.4.gemspec
I, [2014-01-27T21:57:10.468666 #35211]  INFO -- : 0:  sinatra-contrib (1.4.1) from /Users/ignacykasperowicz/.rvm/gems/ruby-2.0.0-p353/bundler/gems/sinatra-contrib-c34fc5fc494d/sinatra-contrib.gemspec
I, [2014-01-27T21:57:10.469102 #35211]  INFO -- : 0:  sprockets (2.10.1) from /Users/ignacykasperowicz/.rvm/gems/ruby-2.0.0-p353/specifications/sprockets-2.10.1.gemspec
I, [2014-01-27T21:57:10.469418 #35211]  INFO -- : 0:  stylus-source (0.31.0) from /Users/ignacykasperowicz/.rvm/gems/ruby-2.0.0-p353/specifications/stylus-source-0.31.0.gemspec
I, [2014-01-27T21:57:10.469720 #35211]  INFO -- : 0:  stylus (1.0.0) from /Users/ignacykasperowicz/.rvm/gems/ruby-2.0.0-p353/specifications/stylus-1.0.0.gemspec
I, [2014-01-27T21:57:10.470020 #35211]  INFO -- : 0:  thin (1.6.1) from /Users/ignacykasperowicz/.rvm/gems/ruby-2.0.0-p353/specifications/thin-1.6.1.gemspec
I, [2014-01-27T21:57:10.470318 #35211]  INFO -- : 0:  uglifier (2.2.1) from /Users/ignacykasperowicz/.rvm/gems/ruby-2.0.0-p353/specifications/uglifier-2.2.1.gemspec
I, [2014-01-27T21:57:10.470617 #35211]  INFO -- : 0:  yui-compressor (0.12.0) from /Users/ignacykasperowicz/.rvm/gems/ruby-2.0.0-p353/specifications/yui-compressor-0.12.0.gemspec
I, [2014-01-27T21:57:10.470884 #35211]  INFO -- : 0:  bundler (1.5.1) from /Users/ignacykasperowicz/.rvm/gems/ruby-2.0.0-p353@global/specifications/bundler-1.5.1.gemspec
